{
  "uid" : "a764f3fd129f98b8",
  "name" : "Добавление нового пользователя",
  "fullName" : "tests.test_main_page#test_add_new_user",
  "historyId" : "4284e047d9212dfd146b0a0bd014e1ca",
  "time" : {
    "start" : 1623907589831,
    "stop" : 1623907594844,
    "duration" : 5013
  },
  "description" : "Тест проверяет возможность добавить нового пользователя",
  "descriptionHtml" : "<p>Тест проверяет возможность добавить нового пользователя</p>\n",
  "status" : "broken",
  "statusMessage" : "selenium.common.exceptions.NoSuchElementException: Message: no such element: Unable to locate element: {\"method\":\"link text\",\"selector\":\"Continue\"}\n  (Session info: headless chrome=91.0.4472.101)",
  "statusTrace" : "browser = <selenium.webdriver.support.event_firing_webdriver.EventFiringWebDriver object at 0x7fbec7550400>\n\n    @allure.parent_suite(\"Проверка тестового магазина opencart\")\n    @allure.suite(\"Тесты главной страницы\")\n    @allure.epic(\"Проверка магазина на opencart\")\n    @allure.feature(\"Проверка главной страницы\")\n    @allure.title(\"Добавление нового пользователя\")\n    @allure.description(\"\"\"Тест проверяет возможность добавить нового пользователя\"\"\")\n    @allure.severity(allure.severity_level.CRITICAL)\n    def test_add_new_user(browser):\n        main_page = MainPage(browser).open()\n        allure.attach.file(source='attachments/add_user.png', attachment_type=allure.attachment_type.PNG)\n        main_page.click_add_user()\n        main_page.fill_register_form('Ivan15', 'Ivanov15', 'test15@ya.ru', '+79000551135', 'test')\n>       main_page.click_agree_and_continue()\n\ntest_main_page.py:46: \n_ _ _ _ _ _ _ _ _ _ _ _ _ _ _ _ _ _ _ _ _ _ _ _ _ _ _ _ _ _ _ _ _ _ _ _ _ _ _ _ \n../page_objects/MainPage.py:53: in click_agree_and_continue\n    self.browser.find_element_by_link_text('Continue').click()\n../venv/lib/python3.8/site-packages/selenium/webdriver/support/event_firing_webdriver.py:119: in find_element_by_link_text\n    return self.find_element(by=By.LINK_TEXT, value=link_text)\n../venv/lib/python3.8/site-packages/selenium/webdriver/support/event_firing_webdriver.py:101: in find_element\n    return self._dispatch(\"find\", (by, value, self._driver), \"find_element\", (by, value))\n../venv/lib/python3.8/site-packages/selenium/webdriver/support/event_firing_webdriver.py:160: in _dispatch\n    raise e\n../venv/lib/python3.8/site-packages/selenium/webdriver/support/event_firing_webdriver.py:157: in _dispatch\n    result = getattr(self._driver, d_call)(*d_args)\n../venv/lib/python3.8/site-packages/selenium/webdriver/remote/webdriver.py:964: in find_element\n    return self.execute(Command.FIND_ELEMENT, {\n../venv/lib/python3.8/site-packages/selenium/webdriver/remote/webdriver.py:320: in execute\n    self.error_handler.check_response(response)\n_ _ _ _ _ _ _ _ _ _ _ _ _ _ _ _ _ _ _ _ _ _ _ _ _ _ _ _ _ _ _ _ _ _ _ _ _ _ _ _ \n\nself = <selenium.webdriver.remote.errorhandler.ErrorHandler object at 0x7fbec7550430>\nresponse = {'status': 404, 'value': '{\"value\":{\"error\":\"no such element\",\"message\":\"no such element: Unable to locate element: {\\...Continue\\\\\"}\\\\n  (Session info: headless chrome=91.0.4472.101)\",\"stacktrace\":\"#0 0x55577d49ee89 \\\\u003Cunknown>\\\\n\"}}'}\n\n    def check_response(self, response):\n        \"\"\"\n        Checks that a JSON response from the WebDriver does not have an error.\n    \n        :Args:\n         - response - The JSON response from the WebDriver server as a dictionary\n           object.\n    \n        :Raises: If the response contains an error message.\n        \"\"\"\n        status = response.get('status', None)\n        if status is None or status == ErrorCode.SUCCESS:\n            return\n        value = None\n        message = response.get(\"message\", \"\")\n        screen = response.get(\"screen\", \"\")\n        stacktrace = None\n        if isinstance(status, int):\n            value_json = response.get('value', None)\n            if value_json and isinstance(value_json, basestring):\n                import json\n                try:\n                    value = json.loads(value_json)\n                    if len(value.keys()) == 1:\n                        value = value['value']\n                    status = value.get('error', None)\n                    if status is None:\n                        status = value[\"status\"]\n                        message = value[\"value\"]\n                        if not isinstance(message, basestring):\n                            value = message\n                            message = message.get('message')\n                    else:\n                        message = value.get('message', None)\n                except ValueError:\n                    pass\n    \n        exception_class = ErrorInResponseException\n        if status in ErrorCode.NO_SUCH_ELEMENT:\n            exception_class = NoSuchElementException\n        elif status in ErrorCode.NO_SUCH_FRAME:\n            exception_class = NoSuchFrameException\n        elif status in ErrorCode.NO_SUCH_WINDOW:\n            exception_class = NoSuchWindowException\n        elif status in ErrorCode.STALE_ELEMENT_REFERENCE:\n            exception_class = StaleElementReferenceException\n        elif status in ErrorCode.ELEMENT_NOT_VISIBLE:\n            exception_class = ElementNotVisibleException\n        elif status in ErrorCode.INVALID_ELEMENT_STATE:\n            exception_class = InvalidElementStateException\n        elif status in ErrorCode.INVALID_SELECTOR \\\n                or status in ErrorCode.INVALID_XPATH_SELECTOR \\\n                or status in ErrorCode.INVALID_XPATH_SELECTOR_RETURN_TYPER:\n            exception_class = InvalidSelectorException\n        elif status in ErrorCode.ELEMENT_IS_NOT_SELECTABLE:\n            exception_class = ElementNotSelectableException\n        elif status in ErrorCode.ELEMENT_NOT_INTERACTABLE:\n            exception_class = ElementNotInteractableException\n        elif status in ErrorCode.INVALID_COOKIE_DOMAIN:\n            exception_class = InvalidCookieDomainException\n        elif status in ErrorCode.UNABLE_TO_SET_COOKIE:\n            exception_class = UnableToSetCookieException\n        elif status in ErrorCode.TIMEOUT:\n            exception_class = TimeoutException\n        elif status in ErrorCode.SCRIPT_TIMEOUT:\n            exception_class = TimeoutException\n        elif status in ErrorCode.UNKNOWN_ERROR:\n            exception_class = WebDriverException\n        elif status in ErrorCode.UNEXPECTED_ALERT_OPEN:\n            exception_class = UnexpectedAlertPresentException\n        elif status in ErrorCode.NO_ALERT_OPEN:\n            exception_class = NoAlertPresentException\n        elif status in ErrorCode.IME_NOT_AVAILABLE:\n            exception_class = ImeNotAvailableException\n        elif status in ErrorCode.IME_ENGINE_ACTIVATION_FAILED:\n            exception_class = ImeActivationFailedException\n        elif status in ErrorCode.MOVE_TARGET_OUT_OF_BOUNDS:\n            exception_class = MoveTargetOutOfBoundsException\n        elif status in ErrorCode.JAVASCRIPT_ERROR:\n            exception_class = JavascriptException\n        elif status in ErrorCode.SESSION_NOT_CREATED:\n            exception_class = SessionNotCreatedException\n        elif status in ErrorCode.INVALID_ARGUMENT:\n            exception_class = InvalidArgumentException\n        elif status in ErrorCode.NO_SUCH_COOKIE:\n            exception_class = NoSuchCookieException\n        elif status in ErrorCode.UNABLE_TO_CAPTURE_SCREEN:\n            exception_class = ScreenshotException\n        elif status in ErrorCode.ELEMENT_CLICK_INTERCEPTED:\n            exception_class = ElementClickInterceptedException\n        elif status in ErrorCode.INSECURE_CERTIFICATE:\n            exception_class = InsecureCertificateException\n        elif status in ErrorCode.INVALID_COORDINATES:\n            exception_class = InvalidCoordinatesException\n        elif status in ErrorCode.INVALID_SESSION_ID:\n            exception_class = InvalidSessionIdException\n        elif status in ErrorCode.UNKNOWN_METHOD:\n            exception_class = UnknownMethodException\n        else:\n            exception_class = WebDriverException\n        if value == '' or value is None:\n            value = response['value']\n        if isinstance(value, basestring):\n            if exception_class == ErrorInResponseException:\n                raise exception_class(response, value)\n            raise exception_class(value)\n        if message == \"\" and 'message' in value:\n            message = value['message']\n    \n        screen = None\n        if 'screen' in value:\n            screen = value['screen']\n    \n        stacktrace = None\n        if 'stackTrace' in value and value['stackTrace']:\n            stacktrace = []\n            try:\n                for frame in value['stackTrace']:\n                    line = self._value_or_default(frame, 'lineNumber', '')\n                    file = self._value_or_default(frame, 'fileName', '<anonymous>')\n                    if line:\n                        file = \"%s:%s\" % (file, line)\n                    meth = self._value_or_default(frame, 'methodName', '<anonymous>')\n                    if 'className' in frame:\n                        meth = \"%s.%s\" % (frame['className'], meth)\n                    msg = \"    at %s (%s)\"\n                    msg = msg % (meth, file)\n                    stacktrace.append(msg)\n            except TypeError:\n                pass\n        if exception_class == ErrorInResponseException:\n            raise exception_class(response, message)\n        elif exception_class == UnexpectedAlertPresentException:\n            alert_text = None\n            if 'data' in value:\n                alert_text = value['data'].get('text')\n            elif 'alert' in value:\n                alert_text = value['alert'].get('text')\n            raise exception_class(message, screen, stacktrace, alert_text)\n>       raise exception_class(message, screen, stacktrace)\nE       selenium.common.exceptions.NoSuchElementException: Message: no such element: Unable to locate element: {\"method\":\"link text\",\"selector\":\"Continue\"}\nE         (Session info: headless chrome=91.0.4472.101)\n\n../venv/lib/python3.8/site-packages/selenium/webdriver/remote/errorhandler.py:242: NoSuchElementException",
  "flaky" : false,
  "newFailed" : false,
  "beforeStages" : [ {
    "name" : "browser",
    "time" : {
      "start" : 1623907588352,
      "stop" : 1623907589827,
      "duration" : 1475
    },
    "status" : "passed",
    "steps" : [ ],
    "attachments" : [ ],
    "parameters" : [ ],
    "stepsCount" : 0,
    "attachmentsCount" : 0,
    "shouldDisplayMessage" : false,
    "hasContent" : false
  }, {
    "name" : "get_environment",
    "time" : {
      "start" : 1623907584839,
      "stop" : 1623907584844,
      "duration" : 5
    },
    "status" : "passed",
    "steps" : [ ],
    "attachments" : [ ],
    "parameters" : [ ],
    "stepsCount" : 0,
    "attachmentsCount" : 0,
    "shouldDisplayMessage" : false,
    "hasContent" : false
  }, {
    "name" : "pytestconfig",
    "time" : {
      "start" : 1623907584839,
      "stop" : 1623907584839,
      "duration" : 0
    },
    "status" : "passed",
    "steps" : [ ],
    "attachments" : [ ],
    "parameters" : [ ],
    "stepsCount" : 0,
    "attachmentsCount" : 0,
    "shouldDisplayMessage" : false,
    "hasContent" : false
  } ],
  "testStage" : {
    "description" : "Тест проверяет возможность добавить нового пользователя",
    "status" : "broken",
    "statusMessage" : "selenium.common.exceptions.NoSuchElementException: Message: no such element: Unable to locate element: {\"method\":\"link text\",\"selector\":\"Continue\"}\n  (Session info: headless chrome=91.0.4472.101)",
    "statusTrace" : "browser = <selenium.webdriver.support.event_firing_webdriver.EventFiringWebDriver object at 0x7fbec7550400>\n\n    @allure.parent_suite(\"Проверка тестового магазина opencart\")\n    @allure.suite(\"Тесты главной страницы\")\n    @allure.epic(\"Проверка магазина на opencart\")\n    @allure.feature(\"Проверка главной страницы\")\n    @allure.title(\"Добавление нового пользователя\")\n    @allure.description(\"\"\"Тест проверяет возможность добавить нового пользователя\"\"\")\n    @allure.severity(allure.severity_level.CRITICAL)\n    def test_add_new_user(browser):\n        main_page = MainPage(browser).open()\n        allure.attach.file(source='attachments/add_user.png', attachment_type=allure.attachment_type.PNG)\n        main_page.click_add_user()\n        main_page.fill_register_form('Ivan15', 'Ivanov15', 'test15@ya.ru', '+79000551135', 'test')\n>       main_page.click_agree_and_continue()\n\ntest_main_page.py:46: \n_ _ _ _ _ _ _ _ _ _ _ _ _ _ _ _ _ _ _ _ _ _ _ _ _ _ _ _ _ _ _ _ _ _ _ _ _ _ _ _ \n../page_objects/MainPage.py:53: in click_agree_and_continue\n    self.browser.find_element_by_link_text('Continue').click()\n../venv/lib/python3.8/site-packages/selenium/webdriver/support/event_firing_webdriver.py:119: in find_element_by_link_text\n    return self.find_element(by=By.LINK_TEXT, value=link_text)\n../venv/lib/python3.8/site-packages/selenium/webdriver/support/event_firing_webdriver.py:101: in find_element\n    return self._dispatch(\"find\", (by, value, self._driver), \"find_element\", (by, value))\n../venv/lib/python3.8/site-packages/selenium/webdriver/support/event_firing_webdriver.py:160: in _dispatch\n    raise e\n../venv/lib/python3.8/site-packages/selenium/webdriver/support/event_firing_webdriver.py:157: in _dispatch\n    result = getattr(self._driver, d_call)(*d_args)\n../venv/lib/python3.8/site-packages/selenium/webdriver/remote/webdriver.py:964: in find_element\n    return self.execute(Command.FIND_ELEMENT, {\n../venv/lib/python3.8/site-packages/selenium/webdriver/remote/webdriver.py:320: in execute\n    self.error_handler.check_response(response)\n_ _ _ _ _ _ _ _ _ _ _ _ _ _ _ _ _ _ _ _ _ _ _ _ _ _ _ _ _ _ _ _ _ _ _ _ _ _ _ _ \n\nself = <selenium.webdriver.remote.errorhandler.ErrorHandler object at 0x7fbec7550430>\nresponse = {'status': 404, 'value': '{\"value\":{\"error\":\"no such element\",\"message\":\"no such element: Unable to locate element: {\\...Continue\\\\\"}\\\\n  (Session info: headless chrome=91.0.4472.101)\",\"stacktrace\":\"#0 0x55577d49ee89 \\\\u003Cunknown>\\\\n\"}}'}\n\n    def check_response(self, response):\n        \"\"\"\n        Checks that a JSON response from the WebDriver does not have an error.\n    \n        :Args:\n         - response - The JSON response from the WebDriver server as a dictionary\n           object.\n    \n        :Raises: If the response contains an error message.\n        \"\"\"\n        status = response.get('status', None)\n        if status is None or status == ErrorCode.SUCCESS:\n            return\n        value = None\n        message = response.get(\"message\", \"\")\n        screen = response.get(\"screen\", \"\")\n        stacktrace = None\n        if isinstance(status, int):\n            value_json = response.get('value', None)\n            if value_json and isinstance(value_json, basestring):\n                import json\n                try:\n                    value = json.loads(value_json)\n                    if len(value.keys()) == 1:\n                        value = value['value']\n                    status = value.get('error', None)\n                    if status is None:\n                        status = value[\"status\"]\n                        message = value[\"value\"]\n                        if not isinstance(message, basestring):\n                            value = message\n                            message = message.get('message')\n                    else:\n                        message = value.get('message', None)\n                except ValueError:\n                    pass\n    \n        exception_class = ErrorInResponseException\n        if status in ErrorCode.NO_SUCH_ELEMENT:\n            exception_class = NoSuchElementException\n        elif status in ErrorCode.NO_SUCH_FRAME:\n            exception_class = NoSuchFrameException\n        elif status in ErrorCode.NO_SUCH_WINDOW:\n            exception_class = NoSuchWindowException\n        elif status in ErrorCode.STALE_ELEMENT_REFERENCE:\n            exception_class = StaleElementReferenceException\n        elif status in ErrorCode.ELEMENT_NOT_VISIBLE:\n            exception_class = ElementNotVisibleException\n        elif status in ErrorCode.INVALID_ELEMENT_STATE:\n            exception_class = InvalidElementStateException\n        elif status in ErrorCode.INVALID_SELECTOR \\\n                or status in ErrorCode.INVALID_XPATH_SELECTOR \\\n                or status in ErrorCode.INVALID_XPATH_SELECTOR_RETURN_TYPER:\n            exception_class = InvalidSelectorException\n        elif status in ErrorCode.ELEMENT_IS_NOT_SELECTABLE:\n            exception_class = ElementNotSelectableException\n        elif status in ErrorCode.ELEMENT_NOT_INTERACTABLE:\n            exception_class = ElementNotInteractableException\n        elif status in ErrorCode.INVALID_COOKIE_DOMAIN:\n            exception_class = InvalidCookieDomainException\n        elif status in ErrorCode.UNABLE_TO_SET_COOKIE:\n            exception_class = UnableToSetCookieException\n        elif status in ErrorCode.TIMEOUT:\n            exception_class = TimeoutException\n        elif status in ErrorCode.SCRIPT_TIMEOUT:\n            exception_class = TimeoutException\n        elif status in ErrorCode.UNKNOWN_ERROR:\n            exception_class = WebDriverException\n        elif status in ErrorCode.UNEXPECTED_ALERT_OPEN:\n            exception_class = UnexpectedAlertPresentException\n        elif status in ErrorCode.NO_ALERT_OPEN:\n            exception_class = NoAlertPresentException\n        elif status in ErrorCode.IME_NOT_AVAILABLE:\n            exception_class = ImeNotAvailableException\n        elif status in ErrorCode.IME_ENGINE_ACTIVATION_FAILED:\n            exception_class = ImeActivationFailedException\n        elif status in ErrorCode.MOVE_TARGET_OUT_OF_BOUNDS:\n            exception_class = MoveTargetOutOfBoundsException\n        elif status in ErrorCode.JAVASCRIPT_ERROR:\n            exception_class = JavascriptException\n        elif status in ErrorCode.SESSION_NOT_CREATED:\n            exception_class = SessionNotCreatedException\n        elif status in ErrorCode.INVALID_ARGUMENT:\n            exception_class = InvalidArgumentException\n        elif status in ErrorCode.NO_SUCH_COOKIE:\n            exception_class = NoSuchCookieException\n        elif status in ErrorCode.UNABLE_TO_CAPTURE_SCREEN:\n            exception_class = ScreenshotException\n        elif status in ErrorCode.ELEMENT_CLICK_INTERCEPTED:\n            exception_class = ElementClickInterceptedException\n        elif status in ErrorCode.INSECURE_CERTIFICATE:\n            exception_class = InsecureCertificateException\n        elif status in ErrorCode.INVALID_COORDINATES:\n            exception_class = InvalidCoordinatesException\n        elif status in ErrorCode.INVALID_SESSION_ID:\n            exception_class = InvalidSessionIdException\n        elif status in ErrorCode.UNKNOWN_METHOD:\n            exception_class = UnknownMethodException\n        else:\n            exception_class = WebDriverException\n        if value == '' or value is None:\n            value = response['value']\n        if isinstance(value, basestring):\n            if exception_class == ErrorInResponseException:\n                raise exception_class(response, value)\n            raise exception_class(value)\n        if message == \"\" and 'message' in value:\n            message = value['message']\n    \n        screen = None\n        if 'screen' in value:\n            screen = value['screen']\n    \n        stacktrace = None\n        if 'stackTrace' in value and value['stackTrace']:\n            stacktrace = []\n            try:\n                for frame in value['stackTrace']:\n                    line = self._value_or_default(frame, 'lineNumber', '')\n                    file = self._value_or_default(frame, 'fileName', '<anonymous>')\n                    if line:\n                        file = \"%s:%s\" % (file, line)\n                    meth = self._value_or_default(frame, 'methodName', '<anonymous>')\n                    if 'className' in frame:\n                        meth = \"%s.%s\" % (frame['className'], meth)\n                    msg = \"    at %s (%s)\"\n                    msg = msg % (meth, file)\n                    stacktrace.append(msg)\n            except TypeError:\n                pass\n        if exception_class == ErrorInResponseException:\n            raise exception_class(response, message)\n        elif exception_class == UnexpectedAlertPresentException:\n            alert_text = None\n            if 'data' in value:\n                alert_text = value['data'].get('text')\n            elif 'alert' in value:\n                alert_text = value['alert'].get('text')\n            raise exception_class(message, screen, stacktrace, alert_text)\n>       raise exception_class(message, screen, stacktrace)\nE       selenium.common.exceptions.NoSuchElementException: Message: no such element: Unable to locate element: {\"method\":\"link text\",\"selector\":\"Continue\"}\nE         (Session info: headless chrome=91.0.4472.101)\n\n../venv/lib/python3.8/site-packages/selenium/webdriver/remote/errorhandler.py:242: NoSuchElementException",
    "steps" : [ ],
    "attachments" : [ {
      "uid" : "2b558aaf778fd838",
      "name" : "ceda45b1-1e61-44f8-88f9-a709acd5ca0a-attachment.png",
      "source" : "2b558aaf778fd838.png",
      "type" : "image/png",
      "size" : 105880
    }, {
      "uid" : "b87df2f30698cb88",
      "name" : "log",
      "source" : "b87df2f30698cb88.txt",
      "type" : "text/plain",
      "size" : 562
    } ],
    "parameters" : [ ],
    "stepsCount" : 0,
    "attachmentsCount" : 2,
    "shouldDisplayMessage" : true,
    "hasContent" : true
  },
  "afterStages" : [ {
    "name" : "browser::fin",
    "time" : {
      "start" : 1623907595074,
      "stop" : 1623907595133,
      "duration" : 59
    },
    "status" : "passed",
    "steps" : [ ],
    "attachments" : [ ],
    "parameters" : [ ],
    "stepsCount" : 0,
    "attachmentsCount" : 0,
    "shouldDisplayMessage" : false,
    "hasContent" : false
  } ],
  "labels" : [ {
    "name" : "suite",
    "value" : "Тесты главной страницы"
  }, {
    "name" : "feature",
    "value" : "Проверка главной страницы"
  }, {
    "name" : "severity",
    "value" : "critical"
  }, {
    "name" : "epic",
    "value" : "Проверка магазина на opencart"
  }, {
    "name" : "parentSuite",
    "value" : "Проверка тестового магазина opencart"
  }, {
    "name" : "host",
    "value" : "anton-Aspire-Z3-605"
  }, {
    "name" : "thread",
    "value" : "38643-MainThread"
  }, {
    "name" : "framework",
    "value" : "pytest"
  }, {
    "name" : "language",
    "value" : "cpython3"
  }, {
    "name" : "package",
    "value" : "tests.test_main_page"
  }, {
    "name" : "resultFormat",
    "value" : "allure2"
  } ],
  "parameters" : [ ],
  "links" : [ ],
  "hidden" : false,
  "retry" : false,
  "extra" : {
    "severity" : "critical",
    "retries" : [ {
      "uid" : "4469fbb97c385bc1",
      "status" : "broken",
      "statusDetails" : "selenium.common.exceptions.NoSuchElementException: Message: no such element: Unable to locate element: {\"method\":\"link text\",\"selector\":\"Continue\"}\n  (Session info: headless chrome=91.0.4472.101)",
      "time" : {
        "start" : 1623907559394,
        "stop" : 1623907566856,
        "duration" : 7462
      }
    }, {
      "uid" : "69aa67c556fe6c6b",
      "status" : "broken",
      "statusDetails" : "selenium.common.exceptions.NoSuchElementException: Message: no such element: Unable to locate element: {\"method\":\"link text\",\"selector\":\"Continue\"}\n  (Session info: headless chrome=91.0.4472.101)",
      "time" : {
        "start" : 1623907531992,
        "stop" : 1623907537115,
        "duration" : 5123
      }
    }, {
      "uid" : "fed01c02bfb9b961",
      "status" : "broken",
      "statusDetails" : "selenium.common.exceptions.NoSuchElementException: Message: no such element: Unable to locate element: {\"method\":\"link text\",\"selector\":\"Continue\"}\n  (Session info: headless chrome=91.0.4472.101)",
      "time" : {
        "start" : 1623907500809,
        "stop" : 1623907505087,
        "duration" : 4278
      }
    }, {
      "uid" : "4f5cbda94c324dd9",
      "status" : "broken",
      "statusDetails" : "selenium.common.exceptions.NoSuchElementException: Message: no such element: Unable to locate element: {\"method\":\"link text\",\"selector\":\"Continue\"}\n  (Session info: headless chrome=91.0.4472.101)",
      "time" : {
        "start" : 1623907470897,
        "stop" : 1623907477230,
        "duration" : 6333
      }
    }, {
      "uid" : "ae68128f7c6e1e10",
      "status" : "broken",
      "statusDetails" : "selenium.common.exceptions.NoSuchElementException: Message: no such element: Unable to locate element: {\"method\":\"link text\",\"selector\":\"Continue\"}\n  (Session info: headless chrome=91.0.4472.101)",
      "time" : {
        "start" : 1623907447224,
        "stop" : 1623907451180,
        "duration" : 3956
      }
    }, {
      "uid" : "55cc022b1e00d167",
      "status" : "broken",
      "statusDetails" : "selenium.common.exceptions.NoSuchElementException: Message: no such element: Unable to locate element: {\"method\":\"link text\",\"selector\":\"Continue\"}\n  (Session info: headless chrome=91.0.4472.101)",
      "time" : {
        "start" : 1623907411066,
        "stop" : 1623907417152,
        "duration" : 6086
      }
    }, {
      "uid" : "c9f4bbe74496f67e",
      "status" : "broken",
      "statusDetails" : "selenium.common.exceptions.NoSuchElementException: Message: no such element: Unable to locate element: {\"method\":\"link text\",\"selector\":\"Continue\"}\n  (Session info: headless chrome=91.0.4472.101)",
      "time" : {
        "start" : 1623907090914,
        "stop" : 1623907096280,
        "duration" : 5366
      }
    }, {
      "uid" : "1b12e07b57aed34e",
      "status" : "broken",
      "statusDetails" : "selenium.common.exceptions.NoSuchElementException: Message: no such element: Unable to locate element: {\"method\":\"link text\",\"selector\":\"Continue\"}\n  (Session info: headless chrome=91.0.4472.101)",
      "time" : {
        "start" : 1623906978226,
        "stop" : 1623906981925,
        "duration" : 3699
      }
    }, {
      "uid" : "8b6394723ee99f1b",
      "status" : "broken",
      "statusDetails" : "selenium.common.exceptions.NoSuchElementException: Message: no such element: Unable to locate element: {\"method\":\"link text\",\"selector\":\"Continue\"}\n  (Session info: chrome=90.0.4430.72)",
      "time" : {
        "start" : 1623906919572,
        "stop" : 1623906925254,
        "duration" : 5682
      }
    }, {
      "uid" : "38c8d0e23a7e79ab",
      "status" : "broken",
      "statusDetails" : "selenium.common.exceptions.NoSuchElementException: Message: no such element: Unable to locate element: {\"method\":\"link text\",\"selector\":\"Continue\"}\n  (Session info: chrome=90.0.4430.72)",
      "time" : {
        "start" : 1623906839343,
        "stop" : 1623906845099,
        "duration" : 5756
      }
    }, {
      "uid" : "b74bf7acba96f04a",
      "status" : "broken",
      "statusDetails" : "selenium.common.exceptions.NoSuchElementException: Message: no such element: Unable to locate element: {\"method\":\"link text\",\"selector\":\"Continue\"}\n  (Session info: chrome=91.0.4472.101)",
      "time" : {
        "start" : 1623905612640,
        "stop" : 1623905620119,
        "duration" : 7479
      }
    } ],
    "categories" : [ {
      "name" : "Test defects",
      "matchedStatuses" : [ ],
      "flaky" : false
    } ],
    "tags" : [ ]
  },
  "source" : "a764f3fd129f98b8.json",
  "parameterValues" : [ ]
}